<?xml version="1.0" encoding="UTF-8" ?>
<testsuite errors="0" failures="0" hostname="DESKTOP-H4MK2QS" name="SolutionTest" skipped="0" tests="12" time="0.11" timestamp="2021-11-07T16:23:50">
  <properties>
[...]
</properties>
  <testcase classname="SolutionTest" name="antonAndDanik" time="0.0" />
  <testcase classname="SolutionTest" name="wayTooLongWords" time="0.0" />
  <testcase classname="SolutionTest" name="colorfulStones" time="0.0" />
  <testcase classname="SolutionTest" name="isYourHorseShoeOnTheOtherHoof" time="0.016" />
  <testcase classname="SolutionTest" name="team" time="0.0" />
  <testcase classname="SolutionTest" name="word" time="0.0" />
  <testcase classname="SolutionTest" name="games" time="0.0" />
  <testcase classname="SolutionTest" name="football" time="0.0" />
  <testcase classname="SolutionTest" name="vanyaAndFence" time="0.0" />
  <testcase classname="SolutionTest" name="boyOrGirl" time="0.0" />
  <testcase classname="SolutionTest" name="dieRoll" time="0.0" />
  <testcase classname="SolutionTest" name="buyAShovel" time="0.0" />
  <system-out><![CDATA[]]></system-out>
  <system-err><![CDATA[]]></system-err>
</testsuite>
